/data/satori_hdd1/EamonZhao/EamonFile/LibKGE/kge/util/io.py:41: FutureWarning: You are using `torch.load` with `weights_only=False` (the current default value), which uses the default pickle module implicitly. It is possible to construct malicious pickle data which will execute arbitrary code during unpickling (See https://github.com/pytorch/pytorch/blob/main/SECURITY.md#untrusted-models for more details). In a future release, the default value for `weights_only` will be flipped to `True`. This limits the functions that could be executed during unpickling. Arbitrary objects will no longer be allowed to be loaded via this mode unless they are explicitly allowlisted by the user via `torch.serialization.add_safe_globals`. We recommend you start setting `weights_only=True` for any use case where you don't have full control of the loaded file. Please open an issue on GitHub for any issues related to this experimental feature.
  checkpoint = torch.load(checkpoint_file, map_location="cpu")
/data/satori_hdd1/EamonZhao/EamonFile/LibKGE/kge/util/io.py:41: FutureWarning: You are using `torch.load` with `weights_only=False` (the current default value), which uses the default pickle module implicitly. It is possible to construct malicious pickle data which will execute arbitrary code during unpickling (See https://github.com/pytorch/pytorch/blob/main/SECURITY.md#untrusted-models for more details). In a future release, the default value for `weights_only` will be flipped to `True`. This limits the functions that could be executed during unpickling. Arbitrary objects will no longer be allowed to be loaded via this mode unless they are explicitly allowlisted by the user via `torch.serialization.add_safe_globals`. We recommend you start setting `weights_only=True` for any use case where you don't have full control of the loaded file. Please open an issue on GitHub for any issues related to this experimental feature.
  checkpoint = torch.load(checkpoint_file, map_location="cpu")
/data/satori_hdd1/EamonZhao/EamonFile/LibKGE/kge/util/io.py:41: FutureWarning: You are using `torch.load` with `weights_only=False` (the current default value), which uses the default pickle module implicitly. It is possible to construct malicious pickle data which will execute arbitrary code during unpickling (See https://github.com/pytorch/pytorch/blob/main/SECURITY.md#untrusted-models for more details). In a future release, the default value for `weights_only` will be flipped to `True`. This limits the functions that could be executed during unpickling. Arbitrary objects will no longer be allowed to be loaded via this mode unless they are explicitly allowlisted by the user via `torch.serialization.add_safe_globals`. We recommend you start setting `weights_only=True` for any use case where you don't have full control of the loaded file. Please open an issue on GitHub for any issues related to this experimental feature.
  checkpoint = torch.load(checkpoint_file, map_location="cpu")
/data/satori_hdd1/EamonZhao/EamonFile/LibKGE/kge/util/io.py:41: FutureWarning: You are using `torch.load` with `weights_only=False` (the current default value), which uses the default pickle module implicitly. It is possible to construct malicious pickle data which will execute arbitrary code during unpickling (See https://github.com/pytorch/pytorch/blob/main/SECURITY.md#untrusted-models for more details). In a future release, the default value for `weights_only` will be flipped to `True`. This limits the functions that could be executed during unpickling. Arbitrary objects will no longer be allowed to be loaded via this mode unless they are explicitly allowlisted by the user via `torch.serialization.add_safe_globals`. We recommend you start setting `weights_only=True` for any use case where you don't have full control of the loaded file. Please open an issue on GitHub for any issues related to this experimental feature.
  checkpoint = torch.load(checkpoint_file, map_location="cpu")
/data/satori_hdd1/EamonZhao/EamonFile/LibKGE/kge/util/io.py:41: FutureWarning: You are using `torch.load` with `weights_only=False` (the current default value), which uses the default pickle module implicitly. It is possible to construct malicious pickle data which will execute arbitrary code during unpickling (See https://github.com/pytorch/pytorch/blob/main/SECURITY.md#untrusted-models for more details). In a future release, the default value for `weights_only` will be flipped to `True`. This limits the functions that could be executed during unpickling. Arbitrary objects will no longer be allowed to be loaded via this mode unless they are explicitly allowlisted by the user via `torch.serialization.add_safe_globals`. We recommend you start setting `weights_only=True` for any use case where you don't have full control of the loaded file. Please open an issue on GitHub for any issues related to this experimental feature.
  checkpoint = torch.load(checkpoint_file, map_location="cpu")
/data/satori_hdd1/EamonZhao/EamonFile/LibKGE/kge/util/io.py:41: FutureWarning: You are using `torch.load` with `weights_only=False` (the current default value), which uses the default pickle module implicitly. It is possible to construct malicious pickle data which will execute arbitrary code during unpickling (See https://github.com/pytorch/pytorch/blob/main/SECURITY.md#untrusted-models for more details). In a future release, the default value for `weights_only` will be flipped to `True`. This limits the functions that could be executed during unpickling. Arbitrary objects will no longer be allowed to be loaded via this mode unless they are explicitly allowlisted by the user via `torch.serialization.add_safe_globals`. We recommend you start setting `weights_only=True` for any use case where you don't have full control of the loaded file. Please open an issue on GitHub for any issues related to this experimental feature.
  checkpoint = torch.load(checkpoint_file, map_location="cpu")
/data/satori_hdd1/EamonZhao/EamonFile/LibKGE/kge/util/io.py:41: FutureWarning: You are using `torch.load` with `weights_only=False` (the current default value), which uses the default pickle module implicitly. It is possible to construct malicious pickle data which will execute arbitrary code during unpickling (See https://github.com/pytorch/pytorch/blob/main/SECURITY.md#untrusted-models for more details). In a future release, the default value for `weights_only` will be flipped to `True`. This limits the functions that could be executed during unpickling. Arbitrary objects will no longer be allowed to be loaded via this mode unless they are explicitly allowlisted by the user via `torch.serialization.add_safe_globals`. We recommend you start setting `weights_only=True` for any use case where you don't have full control of the loaded file. Please open an issue on GitHub for any issues related to this experimental feature.
  checkpoint = torch.load(checkpoint_file, map_location="cpu")
/data/satori_hdd1/EamonZhao/EamonFile/LibKGE/kge/util/io.py:41: FutureWarning: You are using `torch.load` with `weights_only=False` (the current default value), which uses the default pickle module implicitly. It is possible to construct malicious pickle data which will execute arbitrary code during unpickling (See https://github.com/pytorch/pytorch/blob/main/SECURITY.md#untrusted-models for more details). In a future release, the default value for `weights_only` will be flipped to `True`. This limits the functions that could be executed during unpickling. Arbitrary objects will no longer be allowed to be loaded via this mode unless they are explicitly allowlisted by the user via `torch.serialization.add_safe_globals`. We recommend you start setting `weights_only=True` for any use case where you don't have full control of the loaded file. Please open an issue on GitHub for any issues related to this experimental feature.
  checkpoint = torch.load(checkpoint_file, map_location="cpu")
/data/satori_hdd1/EamonZhao/EamonFile/LibKGE/kge/job/util.py:53: UserWarning: The torch.cuda.*DtypeTensor constructors are no longer recommended. It's best to use methods such as torch.tensor(data, dtype=*, device='cuda') to create tensors. (Triggered internally at ../torch/csrc/tensor/python_tensor.cpp:78.)
  labels = torch.cuda.sparse.FloatTensor(
/data/satori_hdd1/EamonZhao/EamonFile/LibKGE/kge/job/util.py:53: UserWarning: torch.sparse.SparseTensor(indices, values, shape, *, device=) is deprecated.  Please use torch.sparse_coo_tensor(indices, values, shape, dtype=, device=). (Triggered internally at ../torch/csrc/utils/tensor_new.cpp:641.)
  labels = torch.cuda.sparse.FloatTensor(
RotatE-FB15k237
Loading runs from: LibKGE/local/multiplicity/RotatE_FB15k237
Resuming from configuration LibKGE/local/multiplicity/RotatE_FB15k237/seed_0/config.yaml...
Loading configuration of dataset fb15k-237 from /data/satori_hdd1/EamonZhao/EamonFile/LibKGE/data/fb15k-237 ...
Loaded 14541 keys from map entity_ids
Loaded 237 keys from map relation_ids
Loaded 272115 train triples
Loaded 17535 valid triples
Loaded 20466 test triples
Setting reciprocal_relations_model.base_model.entity_embedder.dropout to 0., was set to -0.20997447613626719.
Setting reciprocal_relations_model.base_model.relation_embedder.dropout to 0., was set to -0.17978530656546354.
[b817409a] Loaded checkpoint from LibKGE/local/multiplicity/RotatE_FB15k237/seed_0/checkpoint_best.pt...
  93372 distinct sp pairs in train
  56317 distinct po pairs in train
  12079 distinct sp pairs in valid
  8033 distinct po pairs in valid
  13737 distinct sp pairs in test
  9113 distinct po pairs in test
Resuming from configuration LibKGE/local/multiplicity/RotatE_FB15k237/seed_1/config.yaml...
Loading configuration of dataset fb15k-237 from /data/satori_hdd1/EamonZhao/EamonFile/LibKGE/data/fb15k-237 ...
Loaded 14541 keys from map entity_ids
Loaded 237 keys from map relation_ids
Loaded 272115 train triples
Loaded 17535 valid triples
Loaded 20466 test triples
Setting reciprocal_relations_model.base_model.entity_embedder.dropout to 0., was set to -0.20997447613626719.
Setting reciprocal_relations_model.base_model.relation_embedder.dropout to 0., was set to -0.17978530656546354.
[9050733c] Loaded checkpoint from LibKGE/local/multiplicity/RotatE_FB15k237/seed_1/checkpoint_best.pt...
  93372 distinct sp pairs in train
  56317 distinct po pairs in train
  12079 distinct sp pairs in valid
  8033 distinct po pairs in valid
  13737 distinct sp pairs in test
  9113 distinct po pairs in test
Resuming from configuration LibKGE/local/multiplicity/RotatE_FB15k237/seed_2/config.yaml...
Loading configuration of dataset fb15k-237 from /data/satori_hdd1/EamonZhao/EamonFile/LibKGE/data/fb15k-237 ...
Loaded 14541 keys from map entity_ids
Loaded 237 keys from map relation_ids
Loaded 272115 train triples
Loaded 17535 valid triples
Loaded 20466 test triples
Setting reciprocal_relations_model.base_model.entity_embedder.dropout to 0., was set to -0.20997447613626719.
Setting reciprocal_relations_model.base_model.relation_embedder.dropout to 0., was set to -0.17978530656546354.
[83191da3] Loaded checkpoint from LibKGE/local/multiplicity/RotatE_FB15k237/seed_2/checkpoint_best.pt...
  93372 distinct sp pairs in train
  56317 distinct po pairs in train
  12079 distinct sp pairs in valid
  8033 distinct po pairs in valid
  13737 distinct sp pairs in test
  9113 distinct po pairs in test
Resuming from configuration LibKGE/local/multiplicity/RotatE_FB15k237/seed_3/config.yaml...
Loading configuration of dataset fb15k-237 from /data/satori_hdd1/EamonZhao/EamonFile/LibKGE/data/fb15k-237 ...
Loaded 14541 keys from map entity_ids
Loaded 237 keys from map relation_ids
Loaded 272115 train triples
Loaded 17535 valid triples
Loaded 20466 test triples
Setting reciprocal_relations_model.base_model.entity_embedder.dropout to 0., was set to -0.20997447613626719.
Setting reciprocal_relations_model.base_model.relation_embedder.dropout to 0., was set to -0.17978530656546354.
[15643a90] Loaded checkpoint from LibKGE/local/multiplicity/RotatE_FB15k237/seed_3/checkpoint_best.pt...
  93372 distinct sp pairs in train
  56317 distinct po pairs in train
  12079 distinct sp pairs in valid
  8033 distinct po pairs in valid
  13737 distinct sp pairs in test
  9113 distinct po pairs in test
Resuming from configuration LibKGE/local/multiplicity/RotatE_FB15k237/seed_4/config.yaml...
Loading configuration of dataset fb15k-237 from /data/satori_hdd1/EamonZhao/EamonFile/LibKGE/data/fb15k-237 ...
Loaded 14541 keys from map entity_ids
Loaded 237 keys from map relation_ids
Loaded 272115 train triples
Loaded 17535 valid triples
Loaded 20466 test triples
Setting reciprocal_relations_model.base_model.entity_embedder.dropout to 0., was set to -0.20997447613626719.
Setting reciprocal_relations_model.base_model.relation_embedder.dropout to 0., was set to -0.17978530656546354.
[bd7a5078] Loaded checkpoint from LibKGE/local/multiplicity/RotatE_FB15k237/seed_4/checkpoint_best.pt...
  93372 distinct sp pairs in train
  56317 distinct po pairs in train
  12079 distinct sp pairs in valid
  8033 distinct po pairs in valid
  13737 distinct sp pairs in test
  9113 distinct po pairs in test
Resuming from configuration LibKGE/local/multiplicity/RotatE_FB15k237/seed_5/config.yaml...
Loading configuration of dataset fb15k-237 from /data/satori_hdd1/EamonZhao/EamonFile/LibKGE/data/fb15k-237 ...
Loaded 14541 keys from map entity_ids
Loaded 237 keys from map relation_ids
Loaded 272115 train triples
Loaded 17535 valid triples
Loaded 20466 test triples
Setting reciprocal_relations_model.base_model.entity_embedder.dropout to 0., was set to -0.20997447613626719.
Setting reciprocal_relations_model.base_model.relation_embedder.dropout to 0., was set to -0.17978530656546354.
[255aad76] Loaded checkpoint from LibKGE/local/multiplicity/RotatE_FB15k237/seed_5/checkpoint_best.pt...
  93372 distinct sp pairs in train
  56317 distinct po pairs in train
  12079 distinct sp pairs in valid
  8033 distinct po pairs in valid
  13737 distinct sp pairs in test
  9113 distinct po pairs in test
Resuming from configuration LibKGE/local/multiplicity/RotatE_FB15k237/seed_6/config.yaml...
Loading configuration of dataset fb15k-237 from /data/satori_hdd1/EamonZhao/EamonFile/LibKGE/data/fb15k-237 ...
Loaded 14541 keys from map entity_ids
Loaded 237 keys from map relation_ids
Loaded 272115 train triples
Loaded 17535 valid triples
Loaded 20466 test triples
Setting reciprocal_relations_model.base_model.entity_embedder.dropout to 0., was set to -0.20997447613626719.
Setting reciprocal_relations_model.base_model.relation_embedder.dropout to 0., was set to -0.17978530656546354.
[37509111] Loaded checkpoint from LibKGE/local/multiplicity/RotatE_FB15k237/seed_6/checkpoint_best.pt...
  93372 distinct sp pairs in train
  56317 distinct po pairs in train
  12079 distinct sp pairs in valid
  8033 distinct po pairs in valid
  13737 distinct sp pairs in test
  9113 distinct po pairs in test
Resuming from configuration LibKGE/local/multiplicity/RotatE_FB15k237/seed_7/config.yaml...
Loading configuration of dataset fb15k-237 from /data/satori_hdd1/EamonZhao/EamonFile/LibKGE/data/fb15k-237 ...
Loaded 14541 keys from map entity_ids
Loaded 237 keys from map relation_ids
Loaded 272115 train triples
Loaded 17535 valid triples
Loaded 20466 test triples
Setting reciprocal_relations_model.base_model.entity_embedder.dropout to 0., was set to -0.20997447613626719.
Setting reciprocal_relations_model.base_model.relation_embedder.dropout to 0., was set to -0.17978530656546354.
[ae153378] Loaded checkpoint from LibKGE/local/multiplicity/RotatE_FB15k237/seed_7/checkpoint_best.pt...
  93372 distinct sp pairs in train
  56317 distinct po pairs in train
  12079 distinct sp pairs in valid
  8033 distinct po pairs in valid
  13737 distinct sp pairs in test
  9113 distinct po pairs in test
Saved results to: results/RotatE_FB15k237_num7_agg7_k10.csv
	Command being timed: "python Multiplicity_rewrite/main.py"
	User time (seconds): 22832.90
	System time (seconds): 16.80
	Percent of CPU this job got: 2274%
	Elapsed (wall clock) time (h:mm:ss or m:ss): 16:44.44
	Average shared text size (kbytes): 0
	Average unshared data size (kbytes): 0
	Average stack size (kbytes): 0
	Average total size (kbytes): 0
	Maximum resident set size (kbytes): 2924128
	Average resident set size (kbytes): 0
	Major (requiring I/O) page faults: 26
	Minor (reclaiming a frame) page faults: 892859
	Voluntary context switches: 44566
	Involuntary context switches: 124291
	Swaps: 0
	File system inputs: 18264
	File system outputs: 1232
	Socket messages sent: 0
	Socket messages received: 0
	Signals delivered: 0
	Page size (bytes): 4096
	Exit status: 0
